<?xml version="1.0" encoding="UTF-8"?>
<testsuite xmlns:xsi="http://www.w3.org/2001/XMLSchema-instance" xsi:noNamespaceSchemaLocation="https://maven.apache.org/surefire/maven-surefire-plugin/xsd/surefire-test-report.xsd" name="TestSuite" time="152.421" tests="10" errors="0" skipped="7" failures="3">
  <properties>
[...]
</properties>
  <testcase name="Landingpage" classname="com.examarly.HomePageWeb" time="147.865">
    <failure message="no such window: target window already closed&#10;from unknown error: web view not found&#10;  (Session info: chrome=106.0.5249.119)&#10;Build info: version: &apos;4.3.0&apos;, revision: &apos;a4995e2c09*&apos;&#10;System info: host: &apos;Kishores-MacBook-Air.local&apos;, ip: &apos;fe80:0:0:0:18ae:31ec:933f:f97f%en0&apos;, os.name: &apos;Mac OS X&apos;, os.arch: &apos;aarch64&apos;, os.version: &apos;12.6&apos;, java.version: &apos;18.0.2.1&apos;&#10;Driver info: org.openqa.selenium.chrome.ChromeDriver&#10;Command: [a8d92d9456c17fd7672a8bcee3edd110, findElement {using=xpath, value=(//img[@alt=&apos;examarly logo&apos;])[12]}]&#10;Capabilities {acceptInsecureCerts: false, browserName: chrome, browserVersion: 106.0.5249.119, chrome: {chromedriverVersion: 106.0.5249.61 (511755355844..., userDataDir: /var/folders/w2/tnn1nt2x1x7...}, goog:chromeOptions: {debuggerAddress: localhost:51697}, networkConnectionEnabled: false, pageLoadStrategy: normal, platformName: MAC, proxy: Proxy(), se:cdp: ws://localhost:51697/devtoo..., se:cdpVersion: 106.0.5249.119, setWindowRect: true, strictFileInteractability: false, timeouts: {implicit: 0, pageLoad: 300000, script: 30000}, unhandledPromptBehavior: dismiss and notify, webauthn:extension:credBlob: true, webauthn:extension:largeBlob: true, webauthn:virtualAuthenticators: true}&#10;Session ID: a8d92d9456c17fd7672a8bcee3edd110" type="org.openqa.selenium.NoSuchWindowException">org.openqa.selenium.NoSuchWindowException: 
no such window: target window already closed
from unknown error: web view not found
  (Session info: chrome=106.0.5249.119)
Build info: version: '4.3.0', revision: 'a4995e2c09*'
System info: host: 'Kishores-MacBook-Air.local', ip: 'fe80:0:0:0:18ae:31ec:933f:f97f%en0', os.name: 'Mac OS X', os.arch: 'aarch64', os.version: '12.6', java.version: '18.0.2.1'
Driver info: org.openqa.selenium.chrome.ChromeDriver
Command: [a8d92d9456c17fd7672a8bcee3edd110, findElement {using=xpath, value=(//img[@alt='examarly logo'])[12]}]
Capabilities {acceptInsecureCerts: false, browserName: chrome, browserVersion: 106.0.5249.119, chrome: {chromedriverVersion: 106.0.5249.61 (511755355844..., userDataDir: /var/folders/w2/tnn1nt2x1x7...}, goog:chromeOptions: {debuggerAddress: localhost:51697}, networkConnectionEnabled: false, pageLoadStrategy: normal, platformName: MAC, proxy: Proxy(), se:cdp: ws://localhost:51697/devtoo..., se:cdpVersion: 106.0.5249.119, setWindowRect: true, strictFileInteractability: false, timeouts: {implicit: 0, pageLoad: 300000, script: 30000}, unhandledPromptBehavior: dismiss and notify, webauthn:extension:credBlob: true, webauthn:extension:largeBlob: true, webauthn:virtualAuthenticators: true}
Session ID: a8d92d9456c17fd7672a8bcee3edd110
	at com.examarly.HomePageWeb.Landingpage(HomePageWeb.java:63)
</failure>
    <system-out><![CDATA[chrome
]]></system-out>
    <system-err><![CDATA[SLF4J: Failed to load class "org.slf4j.impl.StaticLoggerBinder".
SLF4J: Defaulting to no-operation (NOP) logger implementation
SLF4J: See http://www.slf4j.org/codes.html#StaticLoggerBinder for further details.
Starting ChromeDriver 106.0.5249.61 (511755355844955cd3e264779baf0dd38212a4d0-refs/branch-heads/5249@{#569}) on port 53209
Only local connections are allowed.
Please see https://chromedriver.chromium.org/security-considerations for suggestions on keeping ChromeDriver safe.
ChromeDriver was started successfully.
Oct 22, 2022 6:27:33 PM org.openqa.selenium.remote.ProtocolHandshake createSession
INFO: Detected upstream dialect: W3C
Oct 22, 2022 6:27:34 PM org.openqa.selenium.devtools.CdpVersionFinder findNearestMatch
WARNING: Unable to find an exact match for CDP version 106, so returning the closest version found: 103
Oct 22, 2022 6:27:34 PM org.openqa.selenium.devtools.CdpVersionFinder findNearestMatch
INFO: Found CDP implementation for version 106 of 103
]]></system-err>
  </testcase>
  <testcase name="About" classname="com.examarly.HomePageWeb" time="0">
    <skipped message="Method com.examarly.HomePageWeb.About() on instance com.examarly.HomePageWeb@13b13b5d depends on not successfully finished methods &#10;[com.examarly.HomePageWeb.Landingpage() on instance com.examarly.HomePageWeb@13b13b5d]"/>
  </testcase>
  <testcase name="Contact" classname="com.examarly.HomePageWeb" time="0">
    <skipped message="Method com.examarly.HomePageWeb.Contact() on instance com.examarly.HomePageWeb@13b13b5d depends on not successfully finished methods &#10;[com.examarly.HomePageWeb.About() on instance com.examarly.HomePageWeb@13b13b5d]"/>
  </testcase>
  <testcase name="FAQ" classname="com.examarly.HomePageWeb" time="0">
    <skipped message="Method com.examarly.HomePageWeb.FAQ() on instance com.examarly.HomePageWeb@13b13b5d depends on not successfully finished methods &#10;[com.examarly.HomePageWeb.Contact() on instance com.examarly.HomePageWeb@13b13b5d]"/>
  </testcase>
  <testcase name="BLOG" classname="com.examarly.HomePageWeb" time="0">
    <skipped message="Method com.examarly.HomePageWeb.BLOG() on instance com.examarly.HomePageWeb@13b13b5d depends on not successfully finished methods &#10;[com.examarly.HomePageWeb.FAQ() on instance com.examarly.HomePageWeb@13b13b5d]"/>
  </testcase>
  <testcase name="setUp" classname="com.examarlyRewardsModule.RewardsWeb" time="0.167">
    <failure message="Cannot invoke &quot;String.equals(Object)&quot; because &quot;browserName&quot; is null" type="java.lang.NullPointerException">java.lang.NullPointerException: Cannot invoke "String.equals(Object)" because "browserName" is null
	at com.examarlyRewardsModule.RewardsWeb.setUp(RewardsWeb.java:18)
</failure>
    <system-out><![CDATA[null
]]></system-out>
  </testcase>
  <testcase name="LoginPage" classname="com.examarlyRewardsModule.RewardsWeb" time="0">
    <skipped message="Cannot invoke &quot;String.equals(Object)&quot; because &quot;browserName&quot; is null"/>
  </testcase>
  <testcase name="setUp" classname="com.examarlyLogin.HomePageLoginWeb" time="0">
    <failure message="Cannot invoke &quot;String.equals(Object)&quot; because &quot;browserName&quot; is null" type="java.lang.NullPointerException">java.lang.NullPointerException: Cannot invoke "String.equals(Object)" because "browserName" is null
	at com.examarlyLogin.HomePageLoginWeb.setUp(HomePageLoginWeb.java:21)
</failure>
    <system-out><![CDATA[null
]]></system-out>
  </testcase>
  <testcase name="setUp" classname="com.examarlyLogin.HomePageLoginWeb" time="0">
    <skipped/>
  </testcase>
  <testcase name="LoginPage" classname="com.examarlyLogin.HomePageLoginWeb" time="0">
    <skipped message="Cannot invoke &quot;String.equals(Object)&quot; because &quot;browserName&quot; is null"/>
  </testcase>
</testsuite>